<?xml version="1.0" encoding="UTF-8"?>
<!-- Generated by org.testng.reporters.JUnitReportReporter -->
<testsuite skipped="1" hostname="VITHYASAGAR" name="org.testng.BasedOnpriority" tests="27" failures="0" timestamp="30 Sep 2022 17:30:51 GMT" time="0.026" errors="0">
  <testcase name="tc4" time="0.009" classname="org.testng.BasedOnpriority"/>
  <testcase name="tc1" time="0.001" classname="org.testng.BasedOnpriority"/>
  <testcase name="tc1" time="0.001" classname="org.testng.BasedOnpriority"/>
  <testcase name="tc1" time="0.001" classname="org.testng.BasedOnpriority"/>
  <testcase name="tc1" time="0.001" classname="org.testng.BasedOnpriority"/>
  <testcase name="tc1" time="0.000" classname="org.testng.BasedOnpriority"/>
  <testcase name="tc1" time="0.000" classname="org.testng.BasedOnpriority"/>
  <testcase name="tc1" time="0.000" classname="org.testng.BasedOnpriority"/>
  <testcase name="tc1" time="0.001" classname="org.testng.BasedOnpriority"/>
  <testcase name="tc1" time="0.001" classname="org.testng.BasedOnpriority"/>
  <testcase name="tc1" time="0.000" classname="org.testng.BasedOnpriority"/>
  <testcase name="tc1" time="0.001" classname="org.testng.BasedOnpriority"/>
  <testcase name="tc1" time="0.000" classname="org.testng.BasedOnpriority"/>
  <testcase name="tc1" time="0.001" classname="org.testng.BasedOnpriority"/>
  <testcase name="tc1" time="0.000" classname="org.testng.BasedOnpriority"/>
  <testcase name="tc1" time="0.001" classname="org.testng.BasedOnpriority"/>
  <testcase name="tc1" time="0.001" classname="org.testng.BasedOnpriority"/>
  <testcase name="tc1" time="0.001" classname="org.testng.BasedOnpriority"/>
  <testcase name="tc1" time="0.001" classname="org.testng.BasedOnpriority"/>
  <testcase name="tc1" time="0.001" classname="org.testng.BasedOnpriority"/>
  <testcase name="tc1" time="0.001" classname="org.testng.BasedOnpriority"/>
  <testcase name="tc8" time="0.001" classname="org.testng.BasedOnpriority"/>
  <testcase name="tc3" time="0.001" classname="org.testng.BasedOnpriority"/>
  <testcase name="tc5" time="0.001" classname="org.testng.BasedOnpriority"/>
  <testcase name="tc7" time="0.000" classname="org.testng.BasedOnpriority"/>
  <testcase name="tc6" time="0.000" classname="org.testng.BasedOnpriority"/>
  <testcase name="tc2" classname="org.testng.BasedOnpriority">
    <skipped/>
  </testcase> <!-- tc2 -->
</testsuite> <!-- org.testng.BasedOnpriority -->
