<?xml version="1.0" encoding="UTF-8"?>
<!-- Generated by org.testng.reporters.JUnitReportReporter -->
<testsuite skipped="0" hostname="VITHYASAGAR" name="org.testng.HardAssert" tests="2" failures="0" timestamp="03 Oct 2022 18:14:32 GMT" time="0.016" errors="0">
  <testcase name="tc01" time="0.015" classname="org.testng.HardAssert"/>
  <testcase name="tc02" time="0.001" classname="org.testng.HardAssert"/>
</testsuite> <!-- org.testng.HardAssert -->
