<?xml version="1.0" encoding="UTF-8"?>
<!-- Generated by org.testng.reporters.JUnitReportReporter -->
<testsuite skipped="0" hostname="VITHYASAGAR" name="org.testng.Testing" tests="2" failures="0" timestamp="03 Oct 2022 18:42:18 GMT" time="0.024" errors="0">
  <testcase name="tc02" time="0.002" classname="org.testng.Testing"/>
  <testcase name="tc01" time="0.022" classname="org.testng.Testing"/>
</testsuite> <!-- org.testng.Testing -->
