<?xml version="1.0" encoding="UTF-8"?>
<!-- Generated by org.testng.reporters.JUnitReportReporter -->
<testsuite skipped="0" hostname="VITHYASAGAR" name="org.testng.Sample" tests="1" failures="0" timestamp="29 Sep 2022 18:19:44 GMT" time="0.004" errors="0">
  <testcase name="tc6" time="0.004" classname="org.testng.Sample"/>
</testsuite> <!-- org.testng.Sample -->
